0	11.7254% 5297777 6001477
1	18.0493% 5298508 6002369
2	5.77576% 5299340 6003252
0	11.7393% 5309300 6015475
1	18.3529% 5309994 6016325
3	6.23608% 5310836 6017223
0	11.7542% 5322343 6031272
1	18.6364% 5323059 6032152
3	4.63801% 5323902 6033036
0	11.7625% 5335199 6046409
2	17.4164% 5335915 6047276
3	5.53633% 5336734 6048143
0	11.777% 5348364 6062321
1	18.0347% 5349073 6063186
2	5.02283% 5349905 6064062
0	11.7854% 5361152 6077395
1	15.0235% 5361876 6078247
2	5.03356% 5362725 6079141
0	11.8015% 5374263 6093369
1	17.0814% 5374996 6094253
2	6.17716% 5375801 6095111
0	11.8091% 5387109 6108466
1	16.0508% 5387836 6109332
2	9.17431% 5388628 6110204
0	11.8244% 5400158 6124320
1	19.7661% 5400844 6125175
2	4.36242% 5401699 6126069
0	11.8316% 5413056 6139454
1	16.4179% 5413784 6140325
2	4.40324% 5414609 6141188
