0	58.7019% 2631057 6370885
4	9.65074% 2634006 6374149
8	4.89957% 2637131 6377435
12	4.66321% 2640259 6380716
16	28.4272% 2642598 6383984
20	4.83624% 2645707 6387251
25	35.274% 2647786 6390463
29	53.5659% 2649290 6393702
33	26.1941% 2651685 6396947
37	20.9416% 2654271 6400218
41	10.0884% 2657221 6403499
45	24.406% 2659671 6406740
49	14.833% 2662450 6410003
53	8.52761% 2665432 6413263
58	5.67939% 2668521 6416538
62	4.99849% 2671657 6419839
66	6.50382% 2674719 6423114
70	3.58118% 2677896 6426409
74	5.47112% 2681006 6429699
78	4.5427% 2684158 6433001
83	4.45529% 2687289 6436278
87	4.51633% 2690418 6439555
91	4.05488% 2693565 6442835
95	7.76521% 2696582 6446106
99	5.56908% 2699685 6449392
103	5.53178% 2702776 6452664
107	4.11335% 2705923 6455946
112	3.89413% 2709082 6459233
116	5.93969% 2712170 6462516
120	3.6436% 2715317 6465782
124	3.89294% 2718477 6469070
128	3.8965% 2721634 6472355
132	4.17297% 2724803 6475662
136	5.78437% 2727914 6478964
141	4.5565% 2731056 6482256
145	4.61445% 2734198 6485550
149	4.51082% 2737331 6488831
153	3.83212% 2740493 6492119
157	7.06886% 2743543 6495401
161	33.3333% 2745715 6498659
165	9.30445% 2748688 6501937
170	5.01222% 2751796 6505209
174	4.72417% 2754922 6508490
178	5.02451% 2758022 6511754
182	4.86766% 2761149 6515041
186	5.10483% 2764272 6518332
190	4.3518% 2767415 6521618
194	3.86253% 2770576 6524906
199	4.82738% 2773691 6528179
203	3.93582% 2776864 6531482
207	14.8387% 2779636 6534737
211	6.89445% 2782688 6538015
215	4.89659% 2785815 6541303
219	4.87879% 2788954 6544603
223	4.5676% 2792088 6547887
227	3.55731% 2795260 6551176
232	3.53874% 2798422 6554454
236	5.50487% 2801529 6557742
240	3.98297% 2804687 6561031
244	4.33191% 2807823 6564309
248	4.11084% 2810972 6567593
252	4.22749% 2814121 6570881
256	14.6184% 2816907 6574144
261	50.6708% 2818488 6577349
265	33.5388% 2820644 6580593
269	17.5449% 2823304 6583819
273	46.7557% 2825019 6587040
277	17.5898% 2827727 6590326
281	14.6915% 2830520 6593600
285	16.774% 2833234 6596861
289	7.54029% 2836275 6600150
294	8.25183% 2839277 6603422
298	7.45003% 2842333 6606724
302	8.84062% 2845313 6609993
306	6.06707% 2848394 6613273
310	4.62428% 2851529 6616560
314	5.16717% 2854649 6619850
318	4.813% 2857754 6623112
323	4.12718% 2860890 6626383
327	6.76462% 2863936 6629650
331	6.01894% 2867012 6632923
335	5.33906% 2870097 6636182
339	7.78352% 2873130 6639471
343	4.31742% 2876277 6642760
347	8.0245% 2879280 6646025
352	5.26636% 2882392 6649310
356	5.36095% 2885499 6652593
360	3.89769% 2888655 6655877
364	6.03475% 2891738 6659158
368	3.61812% 2894908 6662447
372	3.60825% 2898087 6665745
376	5.36749% 2901190 6669024
381	4.99848% 2904307 6672305
385	4.1616% 2907462 6675597
389	5.55218% 2910575 6678893
393	3.80633% 2913734 6682177
397	5.38556% 2916826 6685445
401	3.47667% 2919991 6688724
405	4.43561% 2923115 6691993
410	4.30433% 2926272 6695292
414	4.98026% 2929401 6698585
418	5.215% 2932509 6701864
422	3.37797% 2935684 6705150
426	4.01826% 2938837 6708435
430	3.61852% 2941980 6711696
434	4.13877% 2945130 6714982
439	5.09302% 2948242 6718261
443	4.52738% 2951363 6721530
447	4.26439% 2954506 6724813
451	4.57596% 2957634 6728091
455	10.1991% 2960566 6731356
459	5.69428% 2963663 6734640
463	3.83795% 2966820 6737923
468	3.58881% 2969990 6741211
472	3.70933% 2973157 6744500
476	4.51908% 2976284 6747775
480	4.66321% 2979412 6751056
484	3.68341% 2982576 6754341
488	4.3518% 2985719 6757627
492	3.08491% 2988892 6760901
497	5.13291% 2991997 6764174
501	3.36289% 2995158 6767445
505	3.80749% 2998316 6770728
509	5.04559% 3001440 6774018
513	4.00364% 3004605 6777315
517	5.85723% 3007691 6780593
521	3.67223% 3010865 6783888
526	4.86618% 3013993 6787176
530	3.77934% 3017150 6790457
534	43.6668% 3018969 6793686
538	60.5873% 3020244 6796921
542	71.8596% 3021158 6800169
546	62.117% 3022382 6803400
550	54.3545% 3023860 6806638
554	39.3548% 3025834 6809893
559	26.7363% 3028218 6813147
563	26.0055% 3030628 6816404
567	27.6485% 3032991 6819670
571	19.3716% 3035634 6822948
575	5.34234% 3038717 6826205
579	8.20073% 3041717 6829473
583	15.626% 3044487 6832756
587	9.94475% 3047421 6836014
592	14.876% 3050202 6839281
596	7.5489% 3053227 6842553
600	5.83562% 3056309 6845826
604	7.95455% 3059306 6849082
608	6.82095% 3062366 6852366
612	4.35312% 3065508 6855651
616	5.15244% 3068619 6858931
621	4.48307% 3071751 6862210
625	4.05281% 3074876 6865467
629	6.07819% 3077951 6868741
633	4.84848% 3081091 6872041
637	12.9997% 3083942 6875318
641	4.0916% 3087083 6878593
645	5.3947% 3090187 6881874
650	5.28406% 3093288 6885148
654	5.42352% 3096392 6888430
658	5.72647% 3099487 6891713
662	4.14508% 3102632 6894994
666	4.93001% 3105756 6898280
670	4.49129% 3108882 6901553
674	4.49985% 3112023 6904842
679	6.44866% 3115084 6908114
683	3.9854% 3118240 6911401
687	4.49954% 3121360 6914668
691	5.41857% 3124467 6917953
695	5.79976% 3127553 6921229
699	5.33862% 3130656 6924507
703	4.92551% 3133783 6927796
708	4.59137% 3136900 6931063
712	5.8129% 3140011 6934366
716	4.06231% 3143152 6937640
720	7.26665% 3146202 6940929
724	4.04288% 3149335 6944194
728	6.33609% 3152395 6947461
733	4.73588% 3155533 6950755
737	4.02705% 3158655 6954008
741	24.4104% 3161123 6957273
745	17.6743% 3163792 6960515
749	8.76712% 3166789 6963800
753	3.51038% 3169950 6967076
757	4.49985% 3173091 6970365
761	5.78035% 3176188 6973652
766	3.96609% 3179360 6976955
770	7.53846% 3182365 6980205
774	4.27402% 3185523 6983504
778	3.74657% 3188683 6986787
782	4.97558% 3191796 6990063
786	3.80518% 3194956 6993348
790	9.58066% 3197910 6996615
795	3.33231% 3201072 6999886
799	4.82148% 3204191 7003163
803	3.58456% 3207338 7006427
807	4.17938% 3210479 7009705
811	5.55556% 3213556 7012963
815	3.68565% 3216718 7016246
819	5.66728% 3219814 7019528
824	3.38105% 3222986 7022811
828	4.02071% 3226137 7026094
832	5.13604% 3229240 7029365
836	3.99269% 3232390 7032646
840	9.82198% 3235328 7035904
844	46.2883% 3237079 7039164
848	16.4106% 3239799 7042418
852	11.084% 3242711 7045693
857	7.02719% 3245754 7048966
861	4.72705% 3248878 7052245
865	3.8485% 3252026 7055519
869	7.81202% 3255047 7058796
873	4.58155% 3258171 7062070
877	4.10459% 3261325 7065359
881	4.9864% 3264469 7068668
886	5.07553% 3267611 7071978
890	4.52876% 3270731 7075246
894	4.48171% 3273864 7078526
898	3.68453% 3277027 7081810
902	4.24371% 3280186 7085109
906	6.8342% 3283226 7088372
910	4.23393% 3286370 7091655
915	4.10959% 3289520 7094940
919	3.99147% 3292671 7098222
923	5.61832% 3295762 7101497
927	4.7966% 3298898 7104791
931	4.55805% 3301997 7108038
935	3.56265% 3305137 7111294
939	4.84904% 3308257 7114573
944	3.64026% 3311407 7117842
948	4.26829% 3314547 7121122
952	4.13751% 3317698 7124409
956	4.40098% 3320826 7127681
960	5.48948% 3323925 7130960
964	4.44851% 3327061 7134242
968	4.79369% 3330199 7137538
973	5.28875% 3333315 7140828
977	3.57361% 3336472 7144102
981	3.86253% 3339633 7147390
985	3.26817% 3342800 7150664
989	5.8895% 3345900 7153958
993	5.01215% 3349027 7157250
998	3.71611% 3352188 7160533
1002	4.27532% 3355345 7163831
1006	5.21024% 3358456 7167113
1010	4.03519% 3361619 7170409
1014	3.83562% 3364778 7173694
1018	2.94833% 3367971 7176984
1022	5.15152% 3371101 7180284
1027	3.49051% 3374253 7183550
1031	4.47352% 3377392 7186836
1035	4.17929% 3380556 7190138
1039	3.74657% 3383716 7193421
1043	3.25822% 3386893 7196705
1047	4.75469% 3390038 7200007
1051	3.51145% 3393198 7203282
1056	4.89213% 3396328 7206573
1060	4.91803% 3399460 7209867
1064	4.78513% 3402584 7213148
1068	8.38195% 3405568 7216405
1072	6.84597% 3408616 7219677
1076	5.39963% 3411717 7222955
1080	3.90791% 3414889 7226256
1085	4.12088% 3418030 7229532
1089	4.86766% 3421157 7232819
1093	4.65686% 3424269 7236083
1097	4.49404% 3427393 7239354
1101	4.18816% 3430550 7242649
1105	4.12466% 3433688 7245922
1109	11.9458% 3436548 7249170
1114	11.9157% 3439431 7252443
1118	9.72561% 3442392 7255723
1122	5.08423% 3445491 7258988
1126	5.03356% 3448604 7262266
1130	4.32268% 3451747 7265551
1134	4.86258% 3454897 7268862
1138	4.12121% 3458061 7272162
1143	5.17554% 3461194 7275466
1147	4.49954% 3464314 7278733
1151	7.10598% 3467373 7282026
1155	4.87511% 3470534 7285349
1159	3.80518% 3473694 7288634
1163	4.40863% 3476838 7291923
1167	4.7793% 3479966 7295208
1172	3.92694% 3483122 7298493
1176	4.80858% 3486230 7301758
1180	8.39225% 3489210 7305011
1184	6.00122% 3492280 7308277
1188	5.92005% 3495363 7311554
1192	3.37423% 3498513 7314814
1196	4.06977% 3501648 7318082
1201	11.9535% 3504528 7321353
1205	5.22755% 3507610 7324605
1209	4.02807% 3510755 7327882
1213	19.4289% 3513351 7331104
1217	14.723% 3516137 7334371
1221	3.8965% 3519294 7337656
1225	3.66972% 3522444 7340926
1229	5.15873% 3525551 7344202
1234	4.00979% 3528687 7347469
1238	4.26439% 3531830 7350752
1242	3.67085% 3534979 7354021
1246	4.86685% 3538087 7357288
1250	4.04747% 3541240 7360574
1254	4.36908% 3544370 7363847
1258	5.26316% 3547484 7367134
1263	3.40633% 3550660 7370422
1267	4.30929% 3553791 7373694
1271	5.08062% 3556911 7376981
1275	5.19243% 3560015 7380255
1279	3.66077% 3563173 7383533
1283	3.86724% 3566330 7386817
1288	3.6924% 3569486 7390094
1292	4.97558% 3572599 7393370
1296	5.93272% 3575675 7396640
1300	4.28963% 3578821 7399927
1304	3.72747% 3581972 7403200
1308	4.2176% 3585106 7406472
1312	3.70821% 3588274 7409762
1317	5.08526% 3591391 7413046
1321	4.28963% 3594537 7416333
1325	4.59525% 3597672 7419619
1329	3.90909% 3600843 7422919
1333	4.14774% 3604009 7426222
1337	6.50852% 3607083 7429510
1341	4.72561% 3610208 7432790
1346	4.49985% 3613349 7436079
1350	4.73572% 3616467 7439352
1354	4.82001% 3619587 7442630
1358	4.59385% 3622723 7445917
1362	3.99512% 3625871 7449196
1366	4.54407% 3629001 7452475
1370	4.62198% 3632117 7455742
1375	4.16413% 3635270 7459032
1379	10.9887% 3638178 7462299
1383	15.0718% 3640956 7465570
1387	21.2419% 3643518 7468823
1391	6.08377% 3646590 7472094
1395	4.80243% 3649722 7475384
1399	3.54198% 3652881 7478659
1404	5.42848% 3655982 7481938
1408	4.66687% 3659087 7485195
1412	4.45802% 3662216 7488470
1416	5.21024% 3665327 7491752
1420	4.759% 3668449 7495030
1424	4.17683% 3671592 7498310
1428	13.7739% 3674384 7501548
1433	12.6348% 3677219 7504793
1437	7.85099% 3680212 7508041
1441	38.825% 3682180 7511258
1445	22.8897% 3684683 7514504
1449	7.17776% 3687722 7517778
1453	10.3797% 3690649 7521044
1457	6.08295% 3693706 7524299
1461	5.74294% 3696808 7527590
1466	9.83456% 3699751 7530854
1470	4.40596% 3702897 7534145
1474	5.48948% 3705996 7537424
1478	4.49848% 3709138 7540714
1482	6.31098% 3712211 7543994
1486	4.5565% 3715353 7547286
1491	3.33131% 3718545 7550588
1495	3.98782% 3721699 7553873
1499	3.77014% 3724864 7557162
1503	4.40232% 3727991 7560433
1507	6.70527% 3731052 7563714
1511	3.1269% 3734243 7567008
1515	5.31592% 3737360 7570300
1520	4.03519% 3740523 7573596
1524	3.87668% 3743672 7576872
1528	7.69467% 3746683 7580134
1532	70.0373% 3747646 7583348
1536	18.8615% 3750283 7586598
1540	12.5765% 3753140 7589866
1544	9.07711% 3756135 7593160
1548	5.80153% 3759220 7596435
1553	5.32762% 3762312 7599701
1557	4.21979% 3765467 7602995
1561	6.76829% 3768525 7606275
1565	5.95238% 3771606 7609551
1569	4.31061% 3774736 7612822
1573	3.7318% 3777909 7616118
1577	3.44933% 3781072 7619394
1582	4.66115% 3784181 7622655
1586	5.92345% 3787278 7625947
1590	6.81124% 3790329 7629221
1594	11.9421% 3793190 7632470
1598	11.1933% 3796070 7635713
1602	4.37291% 3799219 7639006
1606	5.59271% 3802325 7642296
1611	4.37424% 3805473 7645588
1615	5.75099% 3808554 7648857
1619	4.36109% 3811690 7652136
1623	4.4621% 3814816 7655408
1627	5.17189% 3817933 7658695
1631	4.97724% 3821064 7661990
1635	3.65408% 3824228 7665274
1640	3.77129% 3827392 7668562
1644	4.13123% 3830548 7671854
1648	6.06153% 3833632 7675137
1652	4.41266% 3836773 7678423
1656	4.40688% 3839940 7681736
1660	3.78444% 3843118 7685039
1664	4.25076% 3846249 7688309
1669	4.9848% 3849375 7691599
1673	4.27532% 3852532 7694897
1677	4.00972% 3855692 7698189
1681	4.32531% 3858833 7701472
1685	4.00734% 3861971 7704741
1689	4.40462% 3865118 7708033
1693	6.68084% 3868191 7711326
1698	5.26476% 3871304 7714612
1702	3.88232% 3874473 7717909
1706	4.31087% 3877625 7721203
1710	4.44377% 3880786 7724511
1714	4.24757% 3883942 7727807
1718	3.60169% 3887127 7731111
1722	4.30403% 3890262 7734387
1727	4.72727% 3893406 7737687
1731	3.84732% 3896580 7740988
1735	3.44197% 3899750 7744271
1739	4.42961% 3902900 7747567
1743	3.82992% 3906089 7750883
1747	4.89147% 3909200 7754154
1751	3.72389% 3912380 7757457
1756	3.52262% 3915557 7760750
1760	3.80402% 3918718 7764036
1764	3.72065% 3921875 7767315
1768	4.96951% 3924992 7770595
1772	4.88848% 3928105 7773868
1776	6.06522% 3931187 7777149
1780	5.26794% 3934316 7780452
1785	3.56707% 3937479 7783732
1789	5.02742% 3940596 7787014
1793	4.23393% 3943740 7790297
1797	7.10582% 3946786 7793576
1801	9.38738% 3949759 7796857
1805	8.46786% 3952764 7800140
