0	10.7559% 83965288 94085004
1	42.1769% 83965543 94085445
2	26.6816% 83965870 94085891
3	30.7517% 83966174 94086330
4	29.7118% 83966491 94086781
5	32.4885% 83966784 94087215
6	29.3182% 83967095 94087655
8	26.0181% 83967422 94088097
9	30.3371% 83967732 94088542
10	26.9663% 83968057 94088987
11	34.8519% 83968343 94089426
12	60.9272% 83968520 94089879
13	69.0745% 83968657 94090322
14	26.9841% 83968979 94090763
15	29.7052% 83969289 94091204
16	26.3514% 83969616 94091648
18	34.0807% 83969910 94092094
19	26.1261% 83970238 94092538
20	30.4054% 83970547 94092982
21	26.5766% 83970873 94093426
22	30.6122% 83971179 94093867
23	26.1851% 83971506 94094310
24	29.5455% 83971816 94094750
25	26.1261% 83972144 94095194
26	29.932% 83972453 94095635
28	29.4785% 83972764 94096076
29	29.7727% 83973073 94096516
30	25.7919% 83973401 94096958
31	30.0905% 83973710 94097400
32	26.1261% 83974038 94097844
33	31.7881% 83974347 94098297
34	26.7857% 83974675 94098745
35	29.5964% 83974989 94099191
36	29.8013% 83975307 94099644
38	26.4977% 83975626 94100078
39	30.9955% 83975931 94100520
40	25.8065% 83976253 94100954
41	43.1111% 83976509 94101404
0	10.7619% 83981338 94109304
1	47.4041% 83981571 94109747
2	26.5306% 83981895 94110188
3	31.25% 83982203 94110636
4	28.9593% 83982517 94111078
5	33.1081% 83982814 94111522
7	30.7865% 83983122 94111967
8	26.0181% 83983449 94112409
9	30.3371% 83983759 94112854
10	25.7919% 83984087 94113296
11	33.6384% 83984377 94113733
12	32.1016% 83984671 94114166
13	30.735% 83984982 94114615
14	26.3514% 83985309 94115059
15	30.3371% 83985619 94115504
16	26.1851% 83985946 94115947
18	30.0226% 83986256 94116390
19	26.0674% 83986585 94116835
20	30.0226% 83986895 94117278
21	26.4108% 83987221 94117721
22	30.474% 83987529 94118164
23	26.2921% 83987857 94118609
24	29.9087% 83988164 94119047
25	25.9259% 83988484 94119479
26	31.5909% 83988785 94119919
28	26.1468% 83989107 94120355
29	30.137% 83989413 94120793
30	25.977% 83989735 94121228
31	29.7424% 83990035 94121655
32	26.3514% 83990362 94122099
33	30.8036% 83990672 94122547
34	26.2921% 83991000 94122992
35	30.2013% 83991312 94123439
36	26.1851% 83991639 94123882
37	29.5711% 83991951 94124325
39	26.7416% 83992277 94124770
40	29.4505% 83992598 94125225
41	32.0713% 83992903 94125674
0	10.7675% 83997795 94133585
1	49.6583% 83998016 94134024
2	25.8503% 83998343 94134465
3	30.2961% 83998649 94134904
4	29.1759% 83998967 94135353
5	34.2342% 83999259 94135797
6	29.7968% 83999570 94136240
8	27.027% 83999894 94136684
9	29.638% 84000205 94137126
10	26.7574% 84000528 94137567
11	35.0562% 84000817 94138012
12	26.0181% 84001144 94138454
13	29.5711% 84001456 94138897
14	26.3514% 84001783 94139341
15	29.4521% 84002092 94139779
16	25.7919% 84002420 94140221
18	29.385% 84002730 94140660
19	25.8503% 84003057 94141101
20	29.5045% 84003370 94141545
21	26.0181% 84003697 94141987
22	30.9577% 84004007 94142436
23	25.7919% 84004335 94142878
24	30% 84004643 94143318
25	27.2109% 84004964 94143759
26	30.6306% 84005272 94144203
28	26.1851% 84005599 94144646
29	29.7052% 84005909 94145087
30	25.7919% 84006237 94145529
31	30.0905% 84006546 94145971
32	26.2921% 84006874 94146416
33	29.5045% 84007187 94146860
34	26.4368% 84007507 94147295
35	29.4785% 84007818 94147736
36	29.2135% 84008133 94148181
38	26.7123% 84008454 94148619
39	29.5711% 84008766 94149062
40	27.8652% 84009087 94149507
41	39.9083% 84009349 94149943
0	10.7729% 84014246 94157764
1	44.9438% 84014491 94158209
2	27.6786% 84014815 94158657
3	30.9417% 84015123 94159103
4	29.2517% 84015435 94159544
5	32.8829% 84015733 94159988
6	30.4933% 84016043 94160434
8	26.1851% 84016370 94160877
9	28.833% 84016681 94161314
10	25.9594% 84017009 94161757
11	34.3891% 84017299 94162199
12	26.1851% 84017626 94162642
13	29.7052% 84017936 94163083
14	26.1261% 84018264 94163527
15	30.1124% 84018575 94163972
16	26.0181% 84018902 94164414
18	29.1572% 84019213 94164853
19	25.9594% 84019541 94165296
20	29.5455% 84019851 94165736
21	26.1851% 84020178 94166179
22	29.2237% 84020488 94166617
23	26.2443% 84020814 94167059
24	30.543% 84021121 94167501
25	26.9841% 84021443 94167942
26	29.5711% 84021755 94168385
28	25.8503% 84022082 94168826
29	29.7052% 84022392 94169267
30	26.0674% 84022721 94169712
31	30% 84023029 94170152
32	26.5625% 84023358 94170600
33	29.7297% 84023670 94171044
34	27.4775% 84023992 94171488
35	28.6353% 84024311 94171935
37	29.1196% 84024625 94172378
38	25.9009% 84024954 94172822
39	29.7968% 84025265 94173265
40	31.8284% 84025567 94173708
41	38.0846% 84025845 94174157
0	10.7785% 84030669 94182056
1	47.191% 84030904 94182501
2	26.3039% 84031229 94182942
3	30.839% 84031534 94183383
4	30.4636% 84031849 94183836
5	34.763% 84032138 94184279
6	30.2273% 84032445 94184719
8	25.9861% 84032764 94185150
9	32.7273% 84033060 94185590
10	26.8349% 84033379 94186026
11	32.5% 84033676 94186466
12	27.3148% 84033990 94186898
13	30.6636% 84034293 94187335
14	25.8065% 84034615 94187769
15	29.7968% 84034926 94188212
16	26.0181% 84035253 94188654
17	29.3182% 84035564 94189094
19	26.1851% 84035891 94189537
20	29.1572% 84036202 94189976
21	26.3514% 84036529 94190420
22	29.8643% 84036839 94190862
23	26.4108% 84037165 94191305
24	30.3855% 84037472 94191746
25	25.7919% 84037800 94192188
26	30.1802% 84038110 94192632
27	25.8503% 84038437 94193073
29	29.5455% 84038747 94193513
30	26.0674% 84039076 94193958
31	30.0226% 84039386 94194401
32	26.7857% 84039714 94194849
33	29.8876% 84040026 94195294
34	26.0771% 84040352 94195735
35	30.4054% 84040661 94196179
36	25.9594% 84040989 94196622
37	29.2793% 84041303 94197066
39	27.6404% 84041625 94197511
40	28.0973% 84041950 94197963
41	35.2809% 84042238 94198408
0	10.7839% 84047174 94206316
1	45.977% 84047409 94206751
2	27.088% 84047732 94207194
3	31.9911% 84048036 94207641
4	28.8288% 84048352 94208085
5	33.7079% 84048647 94208530
7	29.3454% 84048960 94208973
8	28.246% 84049275 94209412
9	30.1124% 84049586 94209857
10	26.8623% 84049910 94210300
11	32.8054% 84050207 94210742
12	26.6219% 84050535 94211189
13	30.1587% 84050843 94211630
14	25.9594% 84051171 94212073
15	30.1802% 84051481 94212517
17	25.7336% 84051810 94212960
18	30.0226% 84052120 94213403
19	25.9594% 84052448 94213846
20	30.1124% 84052759 94214291
21	26.4574% 84053087 94214737
22	30.0905% 84053396 94215179
23	26.9231% 84053719 94215621
24	30.0226% 84054029 94216064
25	25.9594% 84054357 94216507
27	29.4785% 84054668 94216948
28	26.0771% 84054994 94217389
29	29.5711% 84055306 94217832
30	26.2921% 84055634 94218277
31	30.1124% 84055945 94218722
32	25.7919% 84056273 94219164
33	29.6128% 84056582 94219603
34	28.0269% 84056903 94220049
35	28.5714% 84057228 94220504
37	29.7968% 84057539 94220947
38	26.0181% 84057866 94221389
39	30.0226% 84058176 94221832
40	26.1851% 84058503 94222275
41	42.8251% 84058758 94222721
0	10.7894% 84063702 94230608
1	45.8904% 84063939 94231046
2	26.6968% 84064263 94231488
3	30.543% 84064570 94231930
4	30.1802% 84064880 94232374
6	33.7054% 84065177 94232822
7	29.4118% 84065489 94233264
8	26.2443% 84065815 94233706
9	29.2517% 84066127 94234147
10	26.2921% 84066455 94234592
11	35.2144% 84066742 94235035
12	25.9091% 84067068 94235475
13	29.7297% 84067380 94235919
14	26.1851% 84067707 94236362
16	29.3182% 84068018 94236802
17	25.7919% 84068346 94237244
18	29.5455% 84068656 94237684
19	25.9009% 84068985 94238128
20	31.1804% 84069294 94238577
21	26.7857% 84069622 94239025
22	30.2961% 84069928 94239464
23	26.0181% 84070255 94239906
24	29.5872% 84070562 94240342
26	25.6944% 84070883 94240774
27	30.7175% 84071192 94241220
28	26.1851% 84071519 94241663
29	29.955% 84071830 94242107
30	26.1851% 84072157 94242550
31	29.8643% 84072467 94242992
32	25.9009% 84072796 94243436
33	30.3371% 84073106 94243881
34	25.7919% 84073434 94244323
36	29.4118% 84073746 94244765
37	28.8889% 84074066 94245215
38	27.2311% 84074384 94245652
39	30.5122% 84074696 94246101
40	26.6968% 84075020 94246543
41	41.9501% 84075276 94246984
0	10.7948% 84080216 94254877
1	46.8182% 84080450 94255317
2	26.5169% 84080777 94255762
3	31.9196% 84081082 94256210
5	41.0088% 84081351 94256666
6	46.2585% 84081588 94257107
7	28.6036% 84081905 94257551
8	28.5714% 84082220 94257992
9	29.4118% 84082532 94258434
10	27.2523% 84082855 94258878
11	34.3318% 84083140 94259312
12	25.9259% 84083460 94259744
13	30.0905% 84083769 94260186
15	25.9594% 84084097 94260629
16	31.3636% 84084399 94261069
17	26.6219% 84084727 94261516
18	30.0905% 84085036 94261958
19	26.3982% 84085365 94262405
20	31.25% 84085673 94262853
21	27.8027% 84085995 94263299
22	30.2691% 84086306 94263745
23	26.1851% 84086633 94264188
25	29.2237% 84086943 94264626
26	28.9593% 84087257 94265068
27	29.638% 84087568 94265510
28	26.5169% 84087895 94265955
29	29.385% 84088205 94266394
30	29.0179% 84088523 94266842
31	29.9304% 84088825 94267273
32	25.9594% 84089153 94267716
33	29.7052% 84089463 94268157
35	25.9594% 84089791 94268600
36	30.8725% 84090100 94269047
37	26.2332% 84090429 94269493
38	29.4521% 84090738 94269931
39	25.7919% 84091066 94270373
40	45.1685% 84091310 94270818
41	30.1124% 84091621 94271263
0	10.8005% 84096576 94279151
1	45.9821% 84096818 94279599
2	26.9231% 84097141 94280041
4	30.9417% 84097449 94280487
5	30.4444% 84097762 94280937
6	32.3529% 84098061 94281379
7	29.932% 84098370 94281820
8	25.7919% 84098698 94282262
9	30.0448% 84099010 94282708
10	26.6968% 84099334 94283150
11	35.0562% 84099623 94283595
13	26.3514% 84099950 94284039
14	29.6629% 84100263 94284484
15	26.1851% 84100590 94284927
16	29.5455% 84100900 94285367
17	25.9594% 84101228 94285810
18	31.2639% 84101538 94286261
19	25.9009% 84101867 94286705
20	29.8851% 84102172 94287140
21	26.0181% 84102499 94287582
23	30.1124% 84102810 94288027
24	26.6219% 84103138 94288474
25	30.0226% 84103448 94288917
26	26.0181% 84103775 94289359
27	30.3371% 84104085 94289804
28	26.2332% 84104414 94290250
29	29.8643% 84104724 94290692
30	26.3514% 84105051 94291136
31	33.2579% 84105346 94291578
33	27.7027% 84105667 94292022
34	29.7727% 84105976 94292462
35	29.6214% 84106292 94292911
36	27.5626% 84106610 94293350
37	31.1512% 84106915 94293793
38	33.7029% 84107214 94294244
39	34.6847% 84107504 94294688
40	30.0905% 84107813 94295130
41	42.7928% 84108067 94295574
0	10.806% 84113038 94303488
2	46.8677% 84113267 94303919
3	26.9663% 84113592 94304364
4	31.4732% 84113899 94304812
5	27.3543% 84114223 94305258
6	34.6578% 84114519 94305711
7	30.1339% 84114832 94306159
8	26.1261% 84115160 94306603
9	29.4521% 84115469 94307041
10	25.8503% 84115796 94307482
12	36.8182% 84116074 94307922
13	27.6404% 84116396 94308367
14	29.4931% 84116702 94308801
15	25.6944% 84117023 94309233
16	29.7968% 84117334 94309676
17	26.0181% 84117661 94310118
18	29.1855% 84117974 94310560
19	26.5625% 84118303 94311008
20	30.1587% 84118611 94311449
22	25.7919% 84118939 94311891
23	29.955% 84119250 94312335
24	26.1851% 84119577 94312778
25	29.638% 84119888 94313220
26	25.9594% 84120216 94313663
27	29.8876% 84120528 94314108
28	26.6816% 84120855 94314554
29	30.2691% 84121166 94315000
30	25.9009% 84121495 94315444
32	29.5455% 84121805 94315884
33	26.4574% 84122133 94316330
34	30.5122% 84122445 94316779
35	26.1261% 84122773 94317223
36	29.6629% 84123086 94317668
37	32.8859% 84123386 94318115
38	49.1111% 84123615 94318565
39	30.4251% 84123926 94319012
40	25.7919% 84124254 94319454
42	34.8519% 84124540 94319893
