0	10.7322% 83906982 93994723
2	44.6429% 83907230 93995171
3	11.2867% 83907623 93995614
0	10.7345% 83912722 94003583
1	40.8551% 83912971 94004004
2	12.6984% 83913356 94004445
0	10.7369% 83918415 94012412
1	43.0556% 83918661 94012844
2	13.6465% 83919047 94013291
0	10.7392% 83924161 94021312
1	42.6009% 83924417 94021758
2	11.1617% 83924807 94022197
0	10.7415% 83929840 94030127
1	41.2587% 83930092 94030556
2	13.7778% 83930480 94031006
0	10.7438% 83935566 94038947
1	43.3333% 83935821 94039397
3	12.2222% 83936216 94039847
0	10.7462% 83941261 94047829
1	46.3964% 83941499 94048273
2	15.7658% 83941873 94048717
0	10.749% 83948204 94058527
1	43.9732% 83948455 94058975
2	10% 83948851 94059415
0	10.7513% 83953887 94067353
1	43.0839% 83954138 94067794
2	10.0457% 83954532 94068232
0	10.7536% 83959581 94076183
2	41.9725% 83959834 94076619
3	11.3122% 83960226 94077061
