0	11.8478% 5426032 6155302
1	22.7064% 5426706 6156174
2	16.3218% 5427434 6157044
3	15.977% 5428165 6157914
5	13.9211% 5428907 6158776
0	11.8595% 5440119 6172096
1	20.7059% 5440793 6172946
3	14.6286% 5441540 6173821
4	14.9942% 5442277 6174688
5	13.8051% 5443020 6175550
0	11.8802% 5454427 6189787
1	23.0769% 5455097 6190658
2	14.9942% 5455834 6191525
3	15.4292% 5456563 6192387
4	14.8618% 5457302 6193255
0	11.8923% 5468448 6206546
1	22.8249% 5469131 6207431
2	15.2174% 5469872 6208305
3	15.2698% 5470610 6209176
4	15.1231% 5471334 6210029
0	11.9126% 5482791 6224265
1	22.3847% 5483481 6225154
3	18.2448% 5484189 6226020
4	16.8385% 5484915 6226893
5	16.0839% 5485635 6227751
1	11.9269% 5495941 6240203
2	21.2156% 5496628 6241075
3	17.2854% 5497341 6241937
4	16.2286% 5498074 6242812
5	16.8981% 5498792 6243676
0	11.9462% 5510193 6257758
1	24.8575% 5510852 6258635
2	17.4658% 5511575 6259511
3	15.6682% 5512307 6260379
4	14.5858% 5513039 6261236
0	11.9584% 5524184 6274518
1	20.6697% 5524871 6275384
2	15.1163% 5525601 6276244
3	16.1697% 5526332 6277116
4	14.4366% 5527061 6277968
0	11.9808% 5538962 6292900
1	21.3038% 5539638 6293759
2	15.3403% 5540372 6294626
3	15.729% 5541106 6295497
4	14.8741% 5541850 6296371
0	11.9926% 5552213 6308802
1	21.3134% 5552896 6309670
2	17.366% 5553605 6310528
3	15.9817% 5554341 6311404
5	15.2348% 5555081 6312277
