0	17.3932% 4001101 4843547
4	15.5216% 4002429 4845119
8	10.1793% 4003832 4846681
13	3.15856% 4005365 4848264
17	2.03077% 4006957 4849889
22	6.43651% 4008556 4851598
26	0.677757% 4010168 4853221
30	6.2908% 4011747 4854906
35	3.75367% 4013388 4856611
39	1.78462% 4014984 4858236
43	0.4914% 4016604 4859864
48	2.76308% 4018258 4861565
52	0.828553% 4019814 4863134
56	0.816583% 4021393 4864726
60	1.85304% 4022929 4866291
65	1.79718% 4024459 4867849
69	2.21424% 4026093 4869520
73	1.08765% 4027639 4871083
78	1.46727% 4029385 4872855
82	1.70488% 4031057 4874556
87	0.958658% 4032710 4876225
91	1.99626% 4034281 4877828
95	3.30012% 4035834 4879434
100	3.09981% 4037397 4881047
104	1.52769% 4038944 4882618
108	4.74684% 4040449 4884198
113	2.65589% 4042135 4885930
117	1.92678% 4043662 4887487
121	3.5409% 4045242 4889125
126	0.92539% 4046955 4890854
130	1.13924% 4048517 4892434
134	0.839251% 4050053 4893983
138	1.89237% 4051712 4895674
143	0.47142% 4053401 4897371
147	1.46972% 4055077 4899072
152	1.78242% 4056675 4900699
156	1.28519% 4058288 4902333
160	1.36307% 4059880 4903947
164	1.02564% 4061424 4905507
169	2.73058% 4063027 4907155
173	1.32291% 4064668 4908818
178	1.04231% 4066282 4910449
182	1.05198% 4067881 4912065
186	1.25945% 4069449 4913653
190	1.92192% 4071082 4915318
195	0.747126% 4072809 4917058
199	1.58629% 4074360 4918634
204	0.821596% 4076050 4920338
208	1.60154% 4077586 4921899
212	1.81024% 4079159 4923501
216	2.35003% 4080738 4925118
221	1.53563% 4082341 4926746
225	1.53355% 4083882 4928311
229	2.07547% 4085439 4929901
234	0.823529% 4087125 4931601
238	3.28784% 4088684 4933213
242	6.97085% 4090152 4934791
247	1.23457% 4091752 4936411
251	1.47149% 4093359 4938042
255	0.987045% 4094964 4939663
260	1.54131% 4096561 4941285
264	0.765607% 4098246 4942983
269	1.17647% 4099926 4944683
273	1.90311% 4101627 4946417
280	1.38568% 4104189 4949015
284	1.10837% 4105795 4950639
289	3.36538% 4107403 4952303
293	0.843373% 4109049 4953963
297	1.26506% 4110688 4955623
302	1.26823% 4112245 4957200
306	1.16564% 4113856 4958830
310	1.04744% 4115462 4960453
315	1.649% 4117132 4962151
319	1.16708% 4118741 4963779
323	6.38428% 4120266 4965408
328	1.78881% 4121968 4967141
332	1.20192% 4123612 4968805
337	1.83381% 4125325 4970550
341	1.3266% 4126887 4972133
346	1.00354% 4128564 4973827
350	1.82246% 4130234 4975528
355	1.23153% 4131838 4977152
359	1.9124% 4133428 4978773
363	2.46305% 4135012 4980397
367	0.887762% 4136575 4981974
372	2.05224% 4138150 4983582
376	1.4375% 4139727 4985182
380	1.11372% 4141414 4986888
385	1.58265% 4143093 4988594
389	1.09748% 4144625 4990143
393	1.85989% 4146208 4991756
398	0.985829% 4147815 4993379
402	1.77752% 4149528 4995123
406	0.945776% 4151099 4996709
411	2.87728% 4152753 4998412
415	0.921942% 4154365 5000039
419	1.59236% 4155910 5001609
424	1.90184% 4157509 5003239
428	2.06585% 4159026 5004788
432	1.26342% 4160589 5006371
436	0.984615% 4162198 5007996
441	1.04423% 4163809 5009624
445	1.68507% 4165501 5011345
450	1.30024% 4167171 5013037
454	1.68824% 4168918 5014814
459	1.22624% 4170529 5016445
463	0.847971% 4172166 5018096
467	2.40385% 4173790 5019760
472	4.46429% 4175288 5021328
476	1.75015% 4176916 5022985
480	1.20773% 4178552 5024641
485	2.27692% 4180140 5026266
489	1.85759% 4181725 5027881
493	0.880282% 4183414 5029585
498	1.21795% 4184955 5031145
502	1.86441% 4186692 5032915
507	1.00059% 4188374 5034614
511	1.94004% 4190042 5036315
516	1.28913% 4191650 5037944
520	1.11248% 4193250 5039562
524	1.90418% 4194847 5041190
528	2.57985% 4196433 5042818
533	0.666263% 4198073 5044469
537	3.50542% 4199587 5046038
541	7.74278% 4200993 5047562
545	2.63966% 4202579 5049191
550	1.41191% 4204185 5050820
554	1.10429% 4205797 5052450
559	1.15274% 4207512 5054185
563	3.17164% 4209069 5055793
568	1.59635% 4210795 5057547
572	1.2995% 4212390 5059163
576	1.11455% 4213987 5060778
580	1.10701% 4215595 5062404
585	0.739372% 4217206 5064027
589	5.60142% 4218807 5065723
593	2.17809% 4220334 5067284
598	1.05919% 4221922 5068889
602	1.4742% 4223526 5070517
606	1.53574% 4225193 5072210
611	1.4733% 4226798 5073839
615	1.47667% 4228466 5075532
620	0.738916% 4230078 5077156
624	1.16708% 4231687 5078784
628	0.866873% 4233288 5080399
632	2.52619% 4234870 5082022
637	2.33129% 4236462 5083652
641	1.79833% 4237991 5085209
645	1.61591% 4239574 5086818
649	3.2858% 4241134 5088431
654	0.940071% 4242820 5090133
658	1.60462% 4244353 5091691
662	1.80348% 4245932 5093299
667	0.924214% 4247540 5094922
671	1.17509% 4249222 5096624
676	1.1432% 4250865 5098286
680	1.08434% 4252507 5099946
684	1.9725% 4254147 5101619
689	1.4631% 4255696 5103191
694	0.85796% 4257776 5105289
698	1.10906% 4259381 5106912
703	1.08211% 4260935 5108483
707	3.21361% 4262471 5110070
711	3.70844% 4263977 5111634
715	1.34474% 4265591 5113270
720	1.18203% 4267263 5114962
724	1.53649% 4268801 5116524
728	1.6739% 4270387 5118137
733	1.7089% 4272055 5119834
737	0.802965% 4273661 5121453
741	1.11111% 4275263 5123073
746	0.824985% 4276946 5124770
750	1.34969% 4278554 5126400
755	2.07612% 4280252 5128134
759	1.38304% 4281892 5129797
764	0.994152% 4283585 5131507
768	3.17848% 4285169 5133143
772	1.21639% 4286712 5134705
776	1.1257% 4288293 5136304
780	1.54143% 4289826 5137861
785	2.48555% 4291513 5139591
789	1.46217% 4293063 5141164
793	1.22775% 4294672 5142793
798	1.73745% 4296199 5144347
802	0.932256% 4297793 5145956
806	11.6788% 4299245 5147600
810	1.04423% 4300856 5149228
815	2.57511% 4302445 5150859
819	0.833868% 4303991 5152418
823	1.25298% 4305646 5154094
828	3.41672% 4307229 5155733
832	1.10362% 4308842 5157364
836	0.998825% 4310527 5159066
841	7.47782% 4311987 5160644
845	3.25829% 4313620 5162332
850	1.4733% 4315225 5163961
854	1.52625% 4316838 5165599
858	0.694043% 4318555 5167328
863	1.53941% 4320154 5168952
867	0.820189% 4321726 5170537
871	1.15681% 4323264 5172093
875	10.756% 4324716 5173720
880	1.54131% 4326313 5175342
884	1.45103% 4327943 5176996
888	2.27129% 4329492 5178581
893	1.17212% 4331094 5180202
897	1.60099% 4332692 5181826
902	1.18153% 4334532 5183688
906	1.52113% 4336280 5185463
911	1.58827% 4337891 5187100
915	0.739827% 4339501 5188722
920	1.17302% 4341186 5190427
924	1.44144% 4342827 5192092
928	0.860479% 4344440 5193719
932	1.44836% 4346005 5195307
937	2.35294% 4347582 5196922
941	2.27412% 4349172 5198549
946	0.751073% 4351022 5200413
950	6.13383% 4352537 5202027
955	0.921942% 4354149 5203654
959	1.35802% 4355747 5205274
963	1.40762% 4357428 5206979
968	1.4753% 4358964 5208538
972	1.56156% 4360603 5210203
976	1.08974% 4362146 5211763
980	0.982801% 4363758 5213391
985	0.923645% 4365367 5215015
989	2.02206% 4366966 5216647
993	1.66154% 4368564 5218272
998	0.800986% 4370174 5219895
1002	1.46886% 4371851 5221597
1006	0.923645% 4373460 5223221
1011	2.91508% 4374992 5224799
1015	1.62651% 4376625 5226459
1019	0.766773% 4378178 5228024
1023	1.6129% 4379764 5229636
1028	0.8626% 4381373 5231259
1032	1.41626% 4382974 5232883
1036	1.46969% 4384583 5234516
1041	0.929368% 4386182 5236130
1045	0.617284% 4387792 5237750
1049	1.62162% 4389430 5239415
1053	1.2837% 4390968 5240973
1058	1.01781% 4392524 5242545
1062	1.4733% 4394129 5244174
1066	1.94004% 4395797 5245875
1071	1.84729% 4397391 5247499
1075	1.41343% 4399065 5249197
1080	1.04487% 4400675 5250824
1084	2.63642% 4402263 5252455
1088	0.866873% 4403864 5254070
1092	1.72202% 4405462 5255696
1097	1.22175% 4407079 5257333
1101	1.49942% 4408787 5259067
1106	1.0101% 4410355 5260651
1110	1.16779% 4411963 5262278
1114	2.31362% 4413483 5263834
1118	1.11524% 4415079 5265448
1123	1.0468% 4416686 5267072
1127	1.97287% 4418276 5268694
1131	1.09258% 4419996 5270433
1136	1.32409% 4421561 5272019
1140	5.50181% 4423124 5273673
1144	5.00976% 4424584 5275210
1149	0.869565% 4426180 5276820
1153	1.47436% 4427717 5278380
1157	1.18765% 4429381 5280064
1162	1.4476% 4431083 5281791
1166	1.11765% 4432764 5283491
1170	1.97578% 4434302 5285060
1175	1.15533% 4435842 5286618
1179	1.46879% 4437452 5288252
1183	0.725514% 4439094 5289906
1188	2.83197% 4440638 5291495
1192	1.67183% 4442226 5293110
1196	1.12094% 4443902 5294805
1201	1.54036% 4445500 5296428
1205	1.47239% 4447106 5298058
1209	1.11962% 4448784 5299755
1214	2.39558% 4450373 5301383
1218	0.531287% 4452058 5303077
1223	1.81818% 4453732 5304782
1227	1.03785% 4455353 5306420
1231	0.799017% 4456967 5308047
1236	2.29671% 4458541 5309658
1240	0.860479% 4460154 5311285
1244	1.04551% 4461763 5312911
1248	3.63289% 4463275 5314480
1254	2.2549% 4465269 5316520
1258	1.33333% 4466823 5318095
1262	1.11765% 4468504 5319795
1267	3.01538% 4470080 5321420
1271	0.923645% 4471689 5323044
1275	0.962117% 4473336 5324707
1280	1.32291% 4474977 5326370
1284	0.708801% 4476658 5328063
1288	1.08696% 4478205 5329627
1293	1.8125% 4479776 5331227
1297	1.97287% 4481366 5332849
1302	1.35294% 4483043 5334549
1306	1.50331% 4484681 5336212
1310	2.39899% 4486227 5337796
1314	1.04551% 4487836 5339422
1319	1.35301% 4489440 5341048
1323	1.78681% 4491034 5342671
1328	0.974771% 4492761 5344415
1332	1.97368% 4494400 5346087
1337	1.09258% 4496120 5347826
1341	1.3269% 4497756 5349484
1345	0.738916% 4499368 5351108
1350	0.917993% 4500987 5352742
1354	1.92069% 4502570 5354356
1358	1.16851% 4504177 5355982
1363	0.987654% 4505781 5357602
1367	2.37107% 4507428 5359289
1371	1.04809% 4509033 5360911
1376	1.22265% 4510568 5362465
1380	1.65054% 4512296 5364222
1385	1.17716% 4513975 5365921
1389	1.44928% 4515539 5367508
1393	0.993789% 4517133 5369118
1398	0.58548% 4518831 5370826
1402	1.51899% 4520387 5372406
1406	0.980993% 4522002 5374037
1411	0.741198% 4523609 5375656
1415	2.22613% 4525278 5377363
1419	0.987045% 4526883 5378984
1424	1.38488% 4528592 5380717
1428	2.3399% 4530178 5382341
1432	1.46965% 4531720 5383906
1436	1.59439% 4533263 5385474
1441	7.17005% 4534726 5387050
1445	3.9801% 4536270 5388658
1449	0.925355% 4537876 5390279
1454	1.2837% 4539414 5391837
1458	0.371747% 4541022 5393451
1462	1.47965% 4542620 5395073
1467	1.19904% 4544268 5396741
1471	1.38055% 4545911 5398407
1475	1.82246% 4547581 5400108
1480	3.58515% 4549087 5401670
1488	2.09154% 4552317 5404969
1493	0.882724% 4553889 5406555
1497	0.948767% 4555455 5408136
1501	1.2995% 4557050 5409752
1505	2.79263% 4558686 5411435
1510	1.08626% 4560234 5413000
1516	1.61037% 4562739 5415546
1521	0.738007% 4564353 5417172
1525	1.17855% 4566030 5418869
1529	1.0468% 4567637 5420493
1534	1.75747% 4569314 5422200
1539	1.81499% 4570991 5423908
1543	1.21873% 4572531 5425467
1547	2.82862% 4574283 5427270
1552	0.942285% 4575965 5428968
1556	1.51229% 4577528 5430555
1560	1.54416% 4579122 5432174
1565	1.75227% 4580748 5433829
1569	0.874453% 4582335 5435430
1574	1.32565% 4584047 5437165
1578	1.01138% 4585613 5438747
1582	1.96199% 4587212 5440378
1586	1.54739% 4588739 5441929
1591	1.23839% 4590334 5443544
1595	1.78344% 4591876 5445114
1599	1.19403% 4593531 5446789
1603	1.54639% 4595059 5448341
1608	14.3727% 4596465 5449983
1612	0.678175% 4598076 5451605
1616	0.865266% 4599680 5453223
1620	1.4824% 4601275 5454842
1625	1.35385% 4602878 5456467
1629	1.40665% 4604420 5458031
1633	1.68019% 4606117 5459757
1638	1.32996% 4607675 5461336
1642	0.984615% 4609284 5462961
1646	0.940623% 4610969 5464662
1651	1.87354% 4612645 5466370
1655	1.4742% 4614249 5467998
1660	1.3597% 4615845 5469616
1664	0.784077% 4617490 5471274
1668	1.92308% 4619020 5472834
1672	1.15502% 4620646 5474479
1677	0.679432% 4622254 5476098
1681	0.80148% 4623863 5477720
1686	1.47232% 4625536 5479418
1690	1.11633% 4627219 5481120
1695	1.52314% 4628900 5482827
1699	1.0303% 4630533 5484477
1703	1.27632% 4632080 5486044
1707	1.72634% 4633617 5487608
1712	1.54036% 4635215 5489231
1716	1.62065% 4636854 5490897
1720	0.882724% 4638426 5492483
1724	1.48675% 4639950 5494030
1729	2.5974% 4641600 5495724
1733	1.17716% 4643279 5497423
1738	2.40741% 4644860 5499043
1742	7.9784% 4646394 5500710
1746	3.22773% 4648013 5502383
1751	1.53945% 4649548 5503942
1755	1.48633% 4651205 5505624
1759	0.759013% 4652774 5507205
1764	1.34969% 4654382 5508835
1768	1.17786% 4656060 5510533
1772	1.33929% 4657607 5512101
1776	1.92906% 4659183 5513708
1781	1.78352% 4660780 5515334
1785	0.555556% 4662391 5516954
1789	8.62174% 4663896 5518601
1794	1.36337% 4665560 5520288
1798	0.861009% 4667172 5521914
1803	1.05202% 4668865 5523625
1807	1.35886% 4670462 5525244
1811	0.924214% 4672070 5526867
1815	1.2203% 4673608 5528424
1820	1.46969% 4675217 5530057
1824	2.28536% 4676799 5531676
1828	0.618047% 4678407 5533294
1833	1.23305% 4680009 5534916
1837	2.20994% 4681602 5536545
1841	1.11699% 4683284 5538246
1846	1.23457% 4684964 5539947
1850	5.96491% 4686572 5541657
1855	1.26437% 4688290 5543397
1860	1.17165% 4689977 5545104
1864	1.57928% 4691535 5546687
1868	2.3399% 4693121 5548311
1872	1.2939% 4694723 5549934
1877	0.715137% 4696389 5551612
1881	1.02564% 4697933 5553172
1885	0.996483% 4699622 5554878
1890	0.980392% 4701238 5556510
1894	2.05523% 4702763 5558067
1898	1.4268% 4704352 5559679
1902	1.04487% 4705962 5561306
1907	2.18676% 4707617 5562998
1911	1.16995% 4709222 5564622
1915	1.21951% 4710761 5566180
1920	1.48791% 4712350 5567793
1924	1.1772% 4713945 5569407
1928	1.66564% 4715539 5571028
1932	1.73188% 4717071 5572587
1937	0.932256% 4718665 5574196
1941	1.47149% 4720272 5575827
1945	1.07784% 4721924 5577497
1950	1.09395% 4723461 5579051
1954	2.80971% 4724983 5580617
1958	1.91004% 4726575 5582240
1962	1.6226% 4728212 5583904
1967	0.94697% 4729781 5585488
1971	1.17212% 4731383 5587109
1975	21.0757% 4732645 5588708
1979	3.27763% 4734150 5590264
1983	1.39683% 4735703 5591839
1988	1.59509% 4737307 5593469
1992	1.02106% 4738858 5595036
1997	1.84049% 4740618 5596829
2001	0.630915% 4742193 5598414
2005	2.65105% 4743772 5600036
2009	2.33702% 4745360 5601662
2014	2.26161% 4746959 5603298
2018	1.66774% 4748492 5604857
2022	2.23565% 4750110 5606512
2027	2.77306% 4751828 5608279
2031	1.27146% 4753381 5609852
2035	1.79455% 4754968 5611468
2040	7.24638% 4756440 5613055
2044	5.69782% 4757913 5614617
2048	1.34228% 4759677 5616405
2053	2.14067% 4761277 5618040
2057	1.27389% 4762827 5619610
2061	0.959079% 4764376 5621174
2065	2.34029% 4765920 5622755
2070	1.35802% 4767518 5624375
2074	1.23529% 4769197 5626075
2078	1.84615% 4770792 5627700
2083	1.04103% 4772408 5629333
2087	2.0383% 4773994 5630952
2091	1.41191% 4775600 5632581
2096	2.15252% 4777191 5634207
2100	0.943396% 4778871 5635903
2104	1.98083% 4780405 5637468
2108	1.99129% 4781980 5639075
2113	1.47059% 4783521 5640639
2117	1.41116% 4785058 5642198
2121	1.49522% 4786705 5643870
2125	1.38801% 4788268 5645455
2130	1.74279% 4789903 5647119
2134	1.17925% 4791579 5648815
2139	2.02079% 4793276 5650547
2143	1.13636% 4794929 5652219
2148	2.46914% 4796509 5653839
2152	0.530035% 4798198 5655537
2156	1.16493% 4799810 5657168
2161	1.73913% 4801392 5658778
2165	1.41018% 4803000 5660409
2169	1.29231% 4804604 5662034
2173	1.15163% 4806149 5663597
2178	1.94049% 4807665 5665143
2182	0.936914% 4809251 5666744
2186	1.35135% 4810857 5668372
2190	1.22344% 4812391 5669925
2195	2.01183% 4814047 5671615
2199	1.53563% 4815650 5673243
2204	1.00413% 4817326 5674936
2208	3.05882% 4818974 5676636
2212	0.865266% 4820578 5678254
2217	1.75953% 4822253 5679959
2221	0.650888% 4823932 5681649
2226	1.93004% 4825558 5683307
2230	1.02171% 4827108 5684873
2234	1.21173% 4828657 5686441
2238	0.990099% 4830257 5688057
2243	1.3809% 4831971 5689795
2247	0.695322% 4833542 5691377
2252	0.586854% 4835236 5693081
2256	2.0059% 4836897 5694776
2260	0.900322% 4838438 5696331
2268	2.12766% 4841336 5699292
2273	1.69082% 4842964 5700948
2277	2.23136% 4844629 5702651
2281	0.981595% 4846243 5704281
2288	1.14679% 4848829 5706897
2293	1.35635% 4850429 5708519
2297	2.3612% 4851959 5710086
2301	0.984366% 4853669 5711813
2305	0.884956% 4855237 5713395
2310	0.863664% 4856844 5715016
2314	2.1565% 4858432 5716639
2319	1.52941% 4860106 5718339
2323	1.87573% 4861780 5720045
2327	1.79718% 4863310 5721603
2332	1.07649% 4865056 5723368
2336	0.895141% 4866606 5724932
2340	5.55556% 4868068 5726480
2345	3.71257% 4869676 5728150
2349	1.89487% 4871281 5729786
2353	1.35052% 4872888 5731415
2359	0.943396% 4874883 5733429
2363	1.92308% 4876413 5734989
2367	1.42946% 4877999 5736598
2371	1.35719% 4879598 5738219
2376	2.69113% 4881189 5739854
2380	1.48721% 4882845 5741535
2385	1.41093% 4884522 5743236
2389	2.82519% 4886173 5744935
2394	1.60099% 4887771 5746559
2398	1.17855% 4889448 5748256
2402	0.737554% 4891063 5749883
2407	1.54044% 4892597 5751441
2411	12.8481% 4893974 5753021
2415	1.58028% 4895531 5754603
2419	2.06561% 4897143 5756249
2423	0.809969% 4898735 5757854
2428	0.835476% 4900278 5759410
2432	1.24533% 4901864 5761016
2436	2.21379% 4903410 5762597
2440	1.3245% 4905049 5764258
2445	1.16636% 4906659 5765887
2449	3.55392% 4908233 5767519
2453	0.995025% 4909825 5769127
2458	1.44654% 4911392 5770717
2462	1.54739% 4912919 5772268
2466	3.87056% 4914434 5773844
2470	1.2947% 4916035 5775466
2475	0.819672% 4917729 5777174
2479	0.869061% 4919440 5778900
2484	0.954654% 4921100 5780576
2488	1.89983% 4922804 5782313
2492	0.758534% 4924374 5783895
2497	1.41888% 4925972 5785516
2501	0.949367% 4927537 5787096
2505	2.15569% 4929171 5788766
2510	5.11182% 4930656 5790331
2514	1.07015% 4932320 5792013
2518	1.53061% 4933864 5793581
2523	1.62297% 4935440 5795183
2527	6.28366% 4937006 5796854
2531	1.08238% 4938651 5798517
2536	1.57005% 4940281 5800173
2540	1.4631% 4941830 5801745
2544	1.60979% 4943358 5803298
2548	0.921376% 4944971 5804926
2552	1.66453% 4946507 5806488
2557	1.98881% 4948084 5808097
2561	1.04615% 4949692 5809722
2565	0.799508% 4951305 5811348
2570	2.3118% 4952953 5813035
2574	1.25673% 4954603 5814706
2579	1.16095% 4956476 5816601
2583	1.78344% 4958018 5818171
2587	2.31065% 4959540 5819729
2592	1.14723% 4961091 5821298
2596	0.875657% 4962789 5823011
2601	1.60197% 4964386 5824634
2605	1.46969% 4965995 5826267
2609	0.412979% 4967683 5827962
2614	1.68573% 4969316 5829623
2618	1.44404% 4970954 5831285
2623	1.23529% 4972633 5832985
2627	2.63642% 4974221 5834616
2631	0.980993% 4975836 5836247
2635	1.85541% 4977370 5837810
2640	7.02532% 4978839 5839390
2644	3.80228% 4980357 5840968
2648	1.31815% 4982004 5842637
2652	1.20253% 4983565 5844217
2657	2.20318% 4985163 5845851
2661	0.83871% 4986700 5847401
2665	1.06184% 4988284 5849002
2669	0.921942% 4989896 5850629
2674	1.54321% 4991491 5852249
2678	1.72096% 4993090 5853876
2682	0.556586% 4994698 5855493
2687	3.13981% 4996333 5857181
2691	4.20732% 4997904 5858821
2695	1.00883% 4999474 5860407
2699	1.35048% 5001008 5861962
2704	1.4659% 5002554 5863531
2708	1.22926% 5004161 5865158
2712	1.23001% 5005767 5866784
2717	1.11663% 5007361 5868396
2721	1.98718% 5008890 5869956
2725	1.35659% 5010417 5871504
2729	0.993172% 5012012 5873115
2733	1.04615% 5013620 5874740
2737	1.93175% 5015143 5876293
2742	1.30678% 5016729 5877900
2746	1.58128% 5018285 5879481
2750	2.56716% 5019917 5881156
2755	0.828893% 5021592 5882845
2759	1.41677% 5023262 5884539
2764	1.59607% 5024865 5886168
2768	1.97531% 5026453 5887788
2772	1.22926% 5028060 5889415
2777	1.10429% 5029672 5891045
2781	1.17067% 5031276 5892668
2785	1.02828% 5032816 5894224
2789	0.805952% 5034416 5895837
2794	1.10701% 5036024 5897463
2798	2.15385% 5037614 5899088
2802	0.92707% 5039217 5900706
2807	1.14527% 5040857 5902365
2811	1.75329% 5042426 5903962
2815	1.65746% 5044028 5905591
2819	0.866337% 5045630 5907207
2823	1.80296% 5047155 5908760
2828	2.26716% 5048750 5910392
2832	1.86104% 5050332 5912004
2836	0.861538% 5051943 5913629
2841	0.980392% 5053559 5915261
2845	1.58637% 5055234 5916963
2849	0.861009% 5056846 5918589
2854	0.736648% 5058463 5920218
2858	2.17903% 5060124 5921916
2863	1.25824% 5061772 5923585
2867	2.9792% 5063498 5925364
2872	1.38977% 5065059 5926947
2876	0.864198% 5066665 5928567
2880	1.83936% 5068266 5930198
2885	0.857843% 5069884 5931830
2889	1.36646% 5071472 5933440
2893	1.11896% 5073151 5935138
2898	0.926498% 5074755 5936757
2902	1.10362% 5076368 5938388
2906	1.5948% 5078034 5940081
2910	1.02696% 5079576 5941639
2915	1.28598% 5081188 5943272
2919	1.97897% 5082773 5944889
2924	1.17855% 5084450 5946586
2928	2.21266% 5086041 5948213
2932	1.17429% 5087640 5949831
2937	1.81712% 5089315 5951537
2941	6.30975% 5090785 5953106
2945	3.90093% 5092337 5954721
2950	1.60099% 5093935 5956345
2954	0.924214% 5095543 5957968
2958	1.36054% 5097138 5959585
2963	0.858369% 5098755 5961216
2967	2.15916% 5100341 5962837
2971	1.41278% 5101946 5964465
2976	2.00472% 5103608 5966161
2980	1.05572% 5105295 5967866
2984	1.60593% 5106888 5969485
2989	1.77515% 5108548 5971175
2993	1.28505% 5110238 5972887
2998	3.64706% 5111876 5974587
3002	2.03453% 5113465 5976209
3007	1.59104% 5115135 5977906
3011	1.17578% 5116816 5979607
3016	0.999412% 5118500 5981308
3020	0.981595% 5120114 5982938
3025	1.06257% 5121790 5984632
3029	0.939518% 5123477 5986335
3034	1.40762% 5125158 5988040
3038	2.05523% 5126683 5989597
3042	0.931677% 5128278 5991207
3047	1.48189% 5130073 5993029
3051	1.3266% 5131635 5994612
3055	1.64127% 5133313 5996318
3060	42.2046% 5134262 5997960
3064	4.8318% 5135818 5999595
3069	10.0369% 5137279 6001219
3073	1.42503% 5138870 6002833
3077	2.30769% 5140394 6004393
3081	0.679852% 5142001 6006011
3086	2.10463% 5143629 6007674
3090	0.894569% 5145180 6009239
3094	1.08418% 5146731 6010807
3098	1.47511% 5148334 6012434
3102	1.10497% 5149945 6014063
3107	3.27869% 5151479 6015649
3111	3.43535% 5153025 6017250
3115	1.11176% 5154715 6018959
3120	2.22222% 5156343 6020624
3124	1.02828% 5157883 6022180
3128	1.2844% 5159497 6023815
3132	1.24922% 5161078 6025416
3137	1.73053% 5162668 6027034
3141	0.959693% 5164216 6028597
3145	1.52769% 5165763 6030168
3150	1.26659% 5167400 6031826
3154	1.12028% 5169077 6033522
3158	1.99101% 5170603 6035079
3162	1.60792% 5172194 6036696
3167	2.01638% 5173749 6038283
3171	1.99035% 5175374 6039941
3175	0.924784% 5176981 6041563
3179	2% 5178500 6043113
3184	1.17866% 5180093 6044725
3188	1.64319% 5181769 6046429
3193	13.5604% 5183165 6048044
3197	2.34423% 5184748 6049665
3201	0.739372% 5186359 6051288
3205	1.34721% 5187970 6052921
3209	9.89717% 5189372 6054477
3214	1.71885% 5190973 6056106
3218	2.11311% 5192548 6057715
3222	1.09466% 5194084 6059268
3227	2.24321% 5195740 6060962
3231	2.17775% 5197402 6062661
3236	1.10362% 5199015 6064292
3240	6.11216% 5200505 6065879
3244	3.71069% 5202036 6067469
3248	1.35218% 5203641 6069096
3253	1.11043% 5205244 6070717
3257	1.96802% 5206838 6072343
3261	0.984615% 5208447 6073968
3266	0.802965% 5210053 6075587
3270	1.46341% 5211669 6077227
3274	1.17067% 5213273 6078850
3279	1.52456% 5215017 6080621
3283	0.860479% 5216630 6082248
3288	2.27692% 5218218 6083873
3292	1.22592% 5219910 6085586
3296	1.47239% 5221516 6087216
3301	1.53061% 5223060 6088784
3305	1.79949% 5224588 6090340
3309	2.28717% 5226126 6091914
3313	2.25515% 5227643 6093466
3317	0.706941% 5229188 6095022
3321	1.06117% 5230773 6096624
3326	0.706714% 5232459 6098322
3330	1.29488% 5234136 6100021
3335	0.861538% 5235747 6101646
3339	1.59292% 5237415 6103341
3344	0.822562% 5239103 6105043
3348	2.41745% 5240758 6106739
3353	1.26506% 5242397 6108399
3357	1.78685% 5243936 6109966
3361	2.36573% 5245463 6111530
3365	1.97166% 5247054 6113153
3369	1.40415% 5248669 6114791
3374	0.898012% 5250214 6116350
3378	1.58827% 5251825 6117987
3382	1.22818% 5253353 6119534
3386	1.40038% 5254902 6121105
3390	1.34529% 5256442 6122666
3395	2.29008% 5258106 6124369
3399	2.29547% 5259766 6126068
3404	1.3253% 5261404 6127728
3408	4.75892% 5262925 6129325
3412	1.10565% 5264535 6130953
3417	1.53846% 5266135 6132578
3421	1.10906% 5267740 6134201
3425	1.98337% 5269272 6135764
3429	3.16129% 5270773 6137314
3434	12.2222% 5272274 6139024
3438	2.51572% 5273824 6140614
3442	1.67243% 5275529 6142348
3447	0.94162% 5277107 6143941
3451	0.809249% 5278823 6145671
3456	1.08173% 5280469 6147335
3460	1.91939% 5282002 6148898
3464	0.809465% 5283595 6150504
3468	2.88945% 5285141 6152096
3473	1.12711% 5286720 6153693
3477	1.05328% 5288317 6155307
3482	1.34529% 5290077 6157091
3486	1.42063% 5291673 6158710
3490	1.3597% 5293269 6160328
3494	2.62821% 5294788 6161888
3499	1.18483% 5296456 6163576
3503	1.0101% 5298220 6165358
3508	0.984615% 5299829 6166983
3512	0.862069% 5301439 6168607
3516	1.34804% 5303049 6170239
3521	2.48293% 5304620 6171850
3525	1.22926% 5306227 6173477
3529	2.95203% 5307805 6175103
3534	1.24408% 5309472 6176791
3538	4.00246% 5311031 6178415
3542	6.98113% 5312510 6180005
3547	1.42857% 5314097 6181615
3551	1.41191% 5315703 6183244
3555	1.1432% 5317346 6184906
3560	1.3285% 5318980 6186562
3564	0.824499% 5320664 6188260
3569	1.63647% 5322347 6189971
3573	1.28783% 5323880 6191524
3577	1.40845% 5325490 6193157
3581	1.61792% 5327071 6194764
3586	1.91004% 5328663 6196387
3590	6.60147% 5330191 6198023
3594	0.803461% 5331796 6199641
3599	1.23457% 5333396 6201261
3603	1.28834% 5335005 6202891
3607	1.2931% 5336608 6204515
3612	1.10906% 5338213 6206138
3616	1.97653% 5339800 6207757
3620	1.10159% 5341416 6209391
3624	2.75818% 5342932 6210950
3629	1.36646% 5344520 6212560
3633	1.30112% 5346113 6214174
3637	2.18289% 5347771 6215869
3642	2.98417% 5349364 6217511
3646	0.988875% 5350966 6219129
3650	3.50769% 5352534 6220754
3655	0.617665% 5354143 6222373
3659	1.35222% 5355675 6223926
3663	1% 5357259 6225526
3667	2.11538% 5358786 6227086
3674	1.3986% 5361324 6229660
3678	1.5753% 5362886 6231247
3682	0.676091% 5364502 6232874
3687	1.51685% 5366255 6234654
3692	0.824499% 5367939 6236352
3696	1.41844% 5369607 6238044
3700	1.5873% 5371219 6239682
3705	1.02595% 5372859 6241339
3711	1.7285% 5375190 6243711
3716	0.829384% 5376864 6245399
3720	2.09231% 5378455 6247024
3724	1.35385% 5380058 6248649
3729	1.0468% 5381665 6250273
3733	1.16493% 5383277 6251904
3738	0.962001% 5385336 6253983
3743	0.928454% 5387150 6255814
3747	1.39771% 5388702 6257388
3753	0.797373% 5390817 6259520
3758	1.59204% 5392795 6261530
3763	1.08303% 5394439 6263192
3767	3.27963% 5396120 6264930
3772	1.24533% 5397706 6266536
3776	1.60099% 5399304 6268160
3780	1.69903% 5400924 6269808
3785	0.991254% 5402622 6271523
3789	1.14796% 5404172 6273091
3794	2.14938% 5405993 6274952
3799	1.67436% 5407696 6276684
3804	1.60819% 5409715 6278736
3808	1.90769% 5411309 6280361
3812	0.924214% 5412917 6281984
3817	1.41364% 5414521 6283611
3821	1.97775% 5416107 6285229
3825	1.60792% 5417698 6286846
3830	2.47066% 5419277 6288465
3834	1.2947% 5420878 6290087
3838	4.125% 5422412 6291687
3843	5.3137% 5423891 6293249
3847	1.6677% 5425483 6294868
3852	2.01087% 5427286 6296708
3856	1.15163% 5428831 6298271
3860	0.904977% 5430364 6299818
3864	1.18624% 5432030 6301504
3869	1.14811% 5433752 6303246
3873	1.47815% 5435285 6304802
3877	2.08333% 5436836 6306386
3882	1.2971% 5438434 6308005
3886	1.08761% 5440071 6309660
3890	2.57948% 5441695 6311327
3895	0.804136% 5443422 6313068
3899	1.62162% 5445060 6314733
3904	1.11568% 5446744 6316436
3908	1.66052% 5448343 6318062
3912	1.08835% 5449888 6319624
3917	1.40935% 5451427 6321185
3921	1.72304% 5452967 6322752
3925	0.985507% 5454675 6324477
3930	1.30952% 5456333 6326157
3934	0.851305% 5458080 6327919
3939	1.4484% 5459713 6329576
3943	1.23602% 5461391 6331275
3948	1.65289% 5463057 6332969
3952	1.28205% 5464597 6334529
3956	1.36054% 5466192 6336146
3961	1.72733% 5467785 6337767
3965	1.41011% 5469463 6339469
3969	1.2285% 5471071 6341097
3974	1.79455% 5472658 6342713
3978	1.28676% 5474269 6344345
3982	0.987045% 5475874 6345966
3987	1.23529% 5477553 6347666
3991	1.10701% 5479161 6349292
3995	1.26506% 5480800 6350952
4000	1.80072% 5482436 6352618
4004	1.16851% 5484043 6354244
4008	3.12699% 5485561 6355811
4012	12.524% 5486930 6357376
